
{
	时间:2014年08月10日09:00--2014年08月10日23:00  --14
	时间:2014年08月12日18:00--2014年08月12日21:00  --3
	时间:2014年08月14日18:00--2014年08月15日01:00  --7
	时间:2014年08月19日18:00--2014年08月19日21:00  --3
	时间:2014年08月27日18:00--2014年08月28日08:30  --14.5
	时间:2014年09月13日9:30--2014年09月13日18:00   --8.5
	时间:2014年09月24日18:00--2014年09月24日20:00  --2
	时间:2014年11月25日18:00--2014年11月25日22:00  --4
}
--
{
	时间:2014年09月21日20:00--2014年09月22日01:00  --5
	时间:2014年10月26日10:00--2014年10月26日18:00  --8
	时间:2014年11月22日11:00--2014年11月22日18:00  --7
	时间:2014年12月04日18:00--2014年12月04日22:00  --4
}
--
{	
	时间:2014年11月29日10:00--2014年11月29日18:00  --8
}

{
	时间:2014年09月17日18:00--2014年09月18日08:30   --14.5
	时间:2014年10月23日18:00--2014年10月23日22:30  --4.5
	时间:2015年01月05日18:00--2015年01月05日20:00  --2
	时间:2015年01月12日18:00--2015年01月12日21:00 --3
}
{
	时间:2014年12月19日18:00--2014年12月20日15:00  --21
	时间:2015年01月13日18:00--2015年01月13日21:00 --3
时间：2015年09月07日18：00至2015年09月08日02：00 --8
时间：2015年12月05日09：00至2015年12月05日17：00 --8
时间：2015年12月12日09：00至2015年12月12日17：00 --8
时间：2015年12月19日09：00至2015年12月19日17：00 --8
时间：2016年09月09日18：00至2016年09月10日02：00，共8小时
时间：2016年04月05日18：00至2016年04月06日03：00 --9
}
--
时间:2014年09月14日11:30--2014年09月14日20:30   --9
时间:2014年11月26日18:00--2014年11月27日8:30   --14.5
时间:2014年12月06日10:00--2014年12月06日21:00  --11
时间:2014年12月17日18:00--2014年12月18日08:30  --14.5
时间:2014年12月18日18:00--2014年12月19日08:30  --14.5
时间:2014年12月22日18:00--2014年12月23日8:30  --14.5
--78
--时间:2015年01月04日18:00--2015年01月04日22:00  --4
时间:2015年05月09日09:30--2015年05月09日23:00 --13.5
时间:2015年05月10日10:30--2015年05月09日19:00 --8.5
时间:2015年05月27日18:00--2015年05月28日00:00 --6
时间：2015年05月31日09：30至2015年05月31日19：00 --9.5
时间：2015年06月09日18：00至2015年06月10日02：00 --9
时间：2015年06月16日18：00至2015年06月17日07：00 --13
时间：2015年06月26日18：00至2015年06月27日08：00 --14
时间：2015年06月28日09：00至2015年06月28日13：00 --4
（时间：2015年07月04日09：00至2015年07月04日18：00 --9 审批未通过）
时间：2015年7月31日18：00-2015年7月31日22：00 --4
时间：2015年08月02日08：30至2015年08月02日18：00 --9.5
时间：2015年08月12日18：00至2015年08月12日21：30 --3.5
时间：2015年10月09日18：00至2015年10月10日08：30 --14.5
时间：2015年10月17日09：00至2015年10月17日19：30  --10.5
时间：2015年11月28日09：00至2015年11月28日17：00  --8 --下班忘打卡


--140.5



时间：2016年11月29日18：00至2016年11月30日00：00，共6小时
时间: 2016年12月9日18：00 至2016年12月10日6：00 共12小时


