DEVICE=bond0

IPADDR=192.168.9.3

NETMASK=255.255.255.0 

GATEWAY=192.168.9.1 

ONBOOT=yes 

#TYPE=Ethernet 

BOOTPROTO=none 

USERCTL=no 

IPV6INIT=no 

PEERDNS=yes 

BONDING_OPTS="mode=1 miimon=100"

-----------------------
DEVICE=eth0 

#HWADDR=1C:98:EC:22:E5:88

ONBOOT=yes 

#TYPE=Ethernet 

BOOTPROTO=none 

MASTER=bond0 

SLAVE=yes 

USERCTL=no

----------------------


DEVICE=eth1 

#HWADDR=1C:98:EC:22:E5:89

ONBOOT=yes 

#TYPE=Ethernet 

BOOTPROTO=none 

MASTER=bond0 

SLAVE=yes 

USERCTL=no